0 info it worked if it ends with ok
1 verbose cli [ '/usr/local/bin/node',
1 verbose cli   '/usr/local/bin/npm',
1 verbose cli   'install',
1 verbose cli   'uuid/v4' ]
2 info using npm@4.0.3
3 info using node@v4.5.0
4 silly loadCurrentTree Starting
5 silly install loadCurrentTree
6 silly install readLocalPackageData
7 silly fetchPackageMetaData uuid/v4
8 silly fetchOtherPackageData uuid/v4
9 silly cache add args [ 'uuid/v4', null ]
10 verbose cache add spec uuid/v4
11 silly cache add parsed spec Result {
11 silly cache add   raw: 'uuid/v4',
11 silly cache add   scope: null,
11 silly cache add   escapedName: null,
11 silly cache add   name: null,
11 silly cache add   rawSpec: 'uuid/v4',
11 silly cache add   spec: 'github:uuid/v4',
11 silly cache add   type: 'hosted',
11 silly cache add   hosted:
11 silly cache add    { type: 'github',
11 silly cache add      ssh: 'git@github.com:uuid/v4.git',
11 silly cache add      sshUrl: 'git+ssh://git@github.com/uuid/v4.git',
11 silly cache add      httpsUrl: 'git+https://github.com/uuid/v4.git',
11 silly cache add      gitUrl: 'git://github.com/uuid/v4.git',
11 silly cache add      shortcut: 'github:uuid/v4',
11 silly cache add      directUrl: 'https://raw.githubusercontent.com/uuid/v4/master/package.json' } }
12 verbose addRemoteGit caching uuid/v4
13 verbose addRemoteGit uuid/v4 is a repository hosted by github
14 silly tryGitProto attempting to clone git://github.com/uuid/v4.git
15 silly tryClone cloning uuid/v4 via git://github.com/uuid/v4.git
16 verbose tryClone git-github-com-uuid-v4-git-1f948c96 not in flight; caching
17 verbose correctMkdir /Users/jillvandendriessche/.npm/_git-remotes correctMkdir not in flight; initializing
18 verbose makeDirectory /Users/jillvandendriessche/.npm/_git-remotes creation not in flight; initializing
19 silly makeDirectory /Users/jillvandendriessche/.npm/_git-remotes uid: 501 gid: 20
20 info git [ 'clone',
20 info git   '--template=/Users/jillvandendriessche/.npm/_git-remotes/_templates',
20 info git   '--mirror',
20 info git   'git://github.com/uuid/v4.git',
20 info git   '/Users/jillvandendriessche/.npm/_git-remotes/git-github-com-uuid-v4-git-1f948c96' ]
21 verbose git clone --template=/Users/jillvandendriessche/.npm/_git-remotes/_templates --mirror git://github.com/uuid/v4.git /Users/jillvandendriessche/.npm/_git-remotes/git-github-com-uuid-v4-git-1f948c96: Cloning into bare repository '/Users/jillvandendriessche/.npm/_git-remotes/git-github-com-uuid-v4-git-1f948c96'...
21 verbose git clone --template=/Users/jillvandendriessche/.npm/_git-remotes/_templates --mirror git://github.com/uuid/v4.git /Users/jillvandendriessche/.npm/_git-remotes/git-github-com-uuid-v4-git-1f948c96: fatal: remote error:
21 verbose git clone --template=/Users/jillvandendriessche/.npm/_git-remotes/_templates --mirror git://github.com/uuid/v4.git /Users/jillvandendriessche/.npm/_git-remotes/git-github-com-uuid-v4-git-1f948c96:   Repository not found.
22 silly tryHTTPS attempting to clone git+https://github.com/uuid/v4.git
23 silly tryClone cloning uuid/v4 via git+https://github.com/uuid/v4.git
24 verbose tryClone git-https-github-com-uuid-v4-git-193cf2b9 not in flight; caching
25 verbose correctMkdir /Users/jillvandendriessche/.npm/_git-remotes correctMkdir not in flight; initializing
26 info git [ 'clone',
26 info git   '--template=/Users/jillvandendriessche/.npm/_git-remotes/_templates',
26 info git   '--mirror',
26 info git   'https://github.com/uuid/v4.git',
26 info git   '/Users/jillvandendriessche/.npm/_git-remotes/git-https-github-com-uuid-v4-git-193cf2b9' ]
27 verbose git clone --template=/Users/jillvandendriessche/.npm/_git-remotes/_templates --mirror https://github.com/uuid/v4.git /Users/jillvandendriessche/.npm/_git-remotes/git-https-github-com-uuid-v4-git-193cf2b9: Cloning into bare repository '/Users/jillvandendriessche/.npm/_git-remotes/git-https-github-com-uuid-v4-git-193cf2b9'...
27 verbose git clone --template=/Users/jillvandendriessche/.npm/_git-remotes/_templates --mirror https://github.com/uuid/v4.git /Users/jillvandendriessche/.npm/_git-remotes/git-https-github-com-uuid-v4-git-193cf2b9: remote: Repository not found.
27 verbose git clone --template=/Users/jillvandendriessche/.npm/_git-remotes/_templates --mirror https://github.com/uuid/v4.git /Users/jillvandendriessche/.npm/_git-remotes/git-https-github-com-uuid-v4-git-193cf2b9: fatal: repository 'https://github.com/uuid/v4.git/' not found
28 silly trySSH attempting to clone git@github.com:uuid/v4.git
29 silly tryClone cloning uuid/v4 via git@github.com:uuid/v4.git
30 verbose tryClone git-github-com-uuid-v4-git-9994fcab not in flight; caching
31 verbose correctMkdir /Users/jillvandendriessche/.npm/_git-remotes correctMkdir not in flight; initializing
32 info git [ 'clone',
32 info git   '--template=/Users/jillvandendriessche/.npm/_git-remotes/_templates',
32 info git   '--mirror',
32 info git   'git@github.com:uuid/v4.git',
32 info git   '/Users/jillvandendriessche/.npm/_git-remotes/git-github-com-uuid-v4-git-9994fcab' ]
33 error git clone --template=/Users/jillvandendriessche/.npm/_git-remotes/_templates --mirror git@github.com:uuid/v4.git /Users/jillvandendriessche/.npm/_git-remotes/git-github-com-uuid-v4-git-9994fcab: Cloning into bare repository '/Users/jillvandendriessche/.npm/_git-remotes/git-github-com-uuid-v4-git-9994fcab'...
33 error git clone --template=/Users/jillvandendriessche/.npm/_git-remotes/_templates --mirror git@github.com:uuid/v4.git /Users/jillvandendriessche/.npm/_git-remotes/git-github-com-uuid-v4-git-9994fcab: Warning: Permanently added the RSA host key for IP address '192.30.253.112' to the list of known hosts.
33 error git clone --template=/Users/jillvandendriessche/.npm/_git-remotes/_templates --mirror git@github.com:uuid/v4.git /Users/jillvandendriessche/.npm/_git-remotes/git-github-com-uuid-v4-git-9994fcab: Permission denied (publickey).
33 error git clone --template=/Users/jillvandendriessche/.npm/_git-remotes/_templates --mirror git@github.com:uuid/v4.git /Users/jillvandendriessche/.npm/_git-remotes/git-github-com-uuid-v4-git-9994fcab: fatal: Could not read from remote repository.
33 error git clone --template=/Users/jillvandendriessche/.npm/_git-remotes/_templates --mirror git@github.com:uuid/v4.git /Users/jillvandendriessche/.npm/_git-remotes/git-github-com-uuid-v4-git-9994fcab:
33 error git clone --template=/Users/jillvandendriessche/.npm/_git-remotes/_templates --mirror git@github.com:uuid/v4.git /Users/jillvandendriessche/.npm/_git-remotes/git-github-com-uuid-v4-git-9994fcab: Please make sure you have the correct access rights
33 error git clone --template=/Users/jillvandendriessche/.npm/_git-remotes/_templates --mirror git@github.com:uuid/v4.git /Users/jillvandendriessche/.npm/_git-remotes/git-github-com-uuid-v4-git-9994fcab: and the repository exists.
34 silly fetchPackageMetaData Error: Command failed: git clone --template=/Users/jillvandendriessche/.npm/_git-remotes/_templates --mirror git@github.com:uuid/v4.git /Users/jillvandendriessche/.npm/_git-remotes/git-github-com-uuid-v4-git-9994fcab
34 silly fetchPackageMetaData Cloning into bare repository '/Users/jillvandendriessche/.npm/_git-remotes/git-github-com-uuid-v4-git-9994fcab'...
34 silly fetchPackageMetaData Warning: Permanently added the RSA host key for IP address '192.30.253.112' to the list of known hosts.
34 silly fetchPackageMetaData Permission denied (publickey).
34 silly fetchPackageMetaData fatal: Could not read from remote repository.
34 silly fetchPackageMetaData
34 silly fetchPackageMetaData Please make sure you have the correct access rights
34 silly fetchPackageMetaData and the repository exists.
34 silly fetchPackageMetaData
34 silly fetchPackageMetaData     at ChildProcess.exithandler (child_process.js:213:12)
34 silly fetchPackageMetaData     at emitTwo (events.js:87:13)
34 silly fetchPackageMetaData     at ChildProcess.emit (events.js:172:7)
34 silly fetchPackageMetaData     at maybeClose (internal/child_process.js:829:16)
34 silly fetchPackageMetaData     at Socket.<anonymous> (internal/child_process.js:319:11)
34 silly fetchPackageMetaData     at emitOne (events.js:77:13)
34 silly fetchPackageMetaData     at Socket.emit (events.js:169:7)
34 silly fetchPackageMetaData     at Pipe._onclose (net.js:486:12)
34 silly fetchPackageMetaData  error for uuid/v4 { [Error: Command failed: git clone --template=/Users/jillvandendriessche/.npm/_git-remotes/_templates --mirror git@github.com:uuid/v4.git /Users/jillvandendriessche/.npm/_git-remotes/git-github-com-uuid-v4-git-9994fcab
34 silly fetchPackageMetaData Cloning into bare repository '/Users/jillvandendriessche/.npm/_git-remotes/git-github-com-uuid-v4-git-9994fcab'...
34 silly fetchPackageMetaData Warning: Permanently added the RSA host key for IP address '192.30.253.112' to the list of known hosts.
34 silly fetchPackageMetaData Permission denied (publickey).
34 silly fetchPackageMetaData fatal: Could not read from remote repository.
34 silly fetchPackageMetaData
34 silly fetchPackageMetaData Please make sure you have the correct access rights
34 silly fetchPackageMetaData and the repository exists.
34 silly fetchPackageMetaData ]
34 silly fetchPackageMetaData   killed: false,
34 silly fetchPackageMetaData   code: 128,
34 silly fetchPackageMetaData   signal: null,
34 silly fetchPackageMetaData   cmd: 'git clone --template=/Users/jillvandendriessche/.npm/_git-remotes/_templates --mirror git@github.com:uuid/v4.git /Users/jillvandendriessche/.npm/_git-remotes/git-github-com-uuid-v4-git-9994fcab' }
35 silly rollbackFailedOptional Starting
36 silly rollbackFailedOptional Finishing
37 silly runTopLevelLifecycles Finishing
38 silly install printInstalled
39 verbose stack Error: Command failed: git clone --template=/Users/jillvandendriessche/.npm/_git-remotes/_templates --mirror git@github.com:uuid/v4.git /Users/jillvandendriessche/.npm/_git-remotes/git-github-com-uuid-v4-git-9994fcab
39 verbose stack Cloning into bare repository '/Users/jillvandendriessche/.npm/_git-remotes/git-github-com-uuid-v4-git-9994fcab'...
39 verbose stack Warning: Permanently added the RSA host key for IP address '192.30.253.112' to the list of known hosts.
39 verbose stack Permission denied (publickey).
39 verbose stack fatal: Could not read from remote repository.
39 verbose stack
39 verbose stack Please make sure you have the correct access rights
39 verbose stack and the repository exists.
39 verbose stack
39 verbose stack     at ChildProcess.exithandler (child_process.js:213:12)
39 verbose stack     at emitTwo (events.js:87:13)
39 verbose stack     at ChildProcess.emit (events.js:172:7)
39 verbose stack     at maybeClose (internal/child_process.js:829:16)
39 verbose stack     at Socket.<anonymous> (internal/child_process.js:319:11)
39 verbose stack     at emitOne (events.js:77:13)
39 verbose stack     at Socket.emit (events.js:169:7)
39 verbose stack     at Pipe._onclose (net.js:486:12)
40 verbose cwd /Applications/MAMP/htdocs/robotwars/server
41 error Darwin 15.6.0
42 error argv "/usr/local/bin/node" "/usr/local/bin/npm" "install" "uuid/v4"
43 error node v4.5.0
44 error npm  v4.0.3
45 error code 128
46 error Command failed: git clone --template=/Users/jillvandendriessche/.npm/_git-remotes/_templates --mirror git@github.com:uuid/v4.git /Users/jillvandendriessche/.npm/_git-remotes/git-github-com-uuid-v4-git-9994fcab
46 error Cloning into bare repository '/Users/jillvandendriessche/.npm/_git-remotes/git-github-com-uuid-v4-git-9994fcab'...
46 error Warning: Permanently added the RSA host key for IP address '192.30.253.112' to the list of known hosts.
46 error Permission denied (publickey).
46 error fatal: Could not read from remote repository.
46 error
46 error Please make sure you have the correct access rights
46 error and the repository exists.
47 error If you need help, you may report this error at:
47 error     <https://github.com/npm/npm/issues>
48 verbose exit [ 1, true ]
